2026-07-23T00:37:26.516  [main]  app starting
2026-07-23T00:37:26.518  [main]  not admin - relaunching elevated
2026-07-23T00:37:28.375  [main]  app starting
2026-07-23T00:37:28.377  [ahk_bridge]  starting worker: AHK_EXE=C:\Program Files\AutoHotkey\AutoHotkey.exe WORKER_SCRIPT=C:\Users\ellio\OneDrive\Desktop\MACRO WORK\roblox_macro_suite\ahk\macro_worker.ahk
2026-07-23T00:37:28.440  [ahk_bridge]  worker running OK, pid=16176 hwnd=5375644
2026-07-23 00:37:28  [macro_worker.ahk]  worker starting, pid=16176
2026-07-23T00:37:29.753  [gui]  on_window_created: rebinding hotkeys and starting screenshot loop
2026-07-23T00:37:29.754  [screenshot]  set_enabled(True)
2026-07-23T00:37:29.755  [screenshot]  start (polling C:\Users\ellio\OneDrive\Desktop\MACRO WORK\roblox_macro_suite\server_capture.png)
2026-07-23T00:37:30.292  [updater]  check_for_update: update available, local='dev' remote='2026-07-22-1900', 18 files
2026-07-23T00:37:33.148  [gui]  handle_command(action='startdrag', params={})
2026-07-23T00:37:37.591  [gui]  handle_command(action='applyupdate', params={})
2026-07-23T00:37:41.774  [updater]  apply_update: updated to 2026-07-22-1900
2026-07-23T00:37:42.487  [gui]  handle_command(action='startdrag', params={})
2026-07-23T00:37:49.302  [gui]  handle_command(action='exit', params={})
2026-07-23T00:37:49.354  [main]  webview.start() returned normally (window closed)
2026-07-23T00:37:49.355  [main]  app exiting - stopping AHK worker
2026-07-23T00:37:49.355  [ahk_bridge]  stop_worker called
2026-07-23T00:37:52.347  [main]  app starting
2026-07-23T00:37:52.349  [main]  not admin - relaunching elevated
2026-07-23T00:37:53.983  [main]  app starting
2026-07-23T00:37:53.984  [ahk_bridge]  starting worker: AHK_EXE=C:\Program Files\AutoHotkey\AutoHotkey.exe WORKER_SCRIPT=C:\Users\ellio\OneDrive\Desktop\MACRO WORK\roblox_macro_suite\ahk\macro_worker.ahk
2026-07-23 00:37:54  [macro_worker.ahk]  worker starting, pid=8368
2026-07-23T00:37:54.041  [ahk_bridge]  worker running OK, pid=8368 hwnd=4262758
2026-07-23T00:37:54.043  [settings]  load_settings: loaded from C:\Users\ellio\OneDrive\Desktop\MACRO WORK\roblox_macro_suite\settings.json
2026-07-23T00:37:54.632  [gui]  on_window_created: rebinding hotkeys and starting screenshot loop
2026-07-23T00:37:54.633  [screenshot]  set_enabled(True)
2026-07-23T00:37:54.633  [screenshot]  start (polling C:\Users\ellio\OneDrive\Desktop\MACRO WORK\roblox_macro_suite\server_capture.png)
2026-07-23T00:37:54.759  [updater]  check_for_update: already up to date ('2026-07-22-1900')
2026-07-23T00:37:55.822  [gui]  handle_command(action='startdrag', params={})
2026-07-23T00:38:18.191  [gui]  handle_command(action='startdrag', params={})
